<?xml version="1.0" encoding="UTF-8"?>
<!-- Generated by org.testng.reporters.JUnitReportReporter -->
<testsuite skipped="0" hostname="LAPTOP-3PLVHCB2" name="com.abc.testng.Groups" tests="3" failures="0" timestamp="09 Dec 2018 07:08:02 GMT" time="0.030" errors="0">
  <testcase name="testCase1" time="0.023" classname="com.abc.testng.Groups"/>
  <testcase name="testCase3" time="0.003" classname="com.abc.testng.Groups"/>
  <testcase name="testCase5" time="0.004" classname="com.abc.testng.Groups"/>
</testsuite> <!-- com.abc.testng.Groups -->
