<?xml version="1.0" encoding="UTF-8"?>
<!-- Generated by org.testng.reporters.JUnitReportReporter -->
<testsuite skipped="0" hostname="LAPTOP-3PLVHCB2" name="com.abc.testng.Demo1" tests="2" failures="0" timestamp="08 Dec 2018 19:27:50 GMT" time="127.033" errors="0">
  <testcase name="positivecredential2" time="55.329" classname="com.abc.testng.Demo1"/>
  <testcase name="positivecredential1" time="71.704" classname="com.abc.testng.Demo1"/>
</testsuite> <!-- com.abc.testng.Demo1 -->
