<?xml version="1.0" encoding="UTF-8"?>
<!-- Generated by org.testng.reporters.JUnitReportReporter -->
<testsuite skipped="0" hostname="LAPTOP-3PLVHCB2" name="com.abc.testng.Demo2xml" tests="2" failures="0" timestamp="09 Dec 2018 06:31:51 GMT" time="0.027" errors="0">
  <testcase name="positivecredential1" time="0.024" classname="com.abc.testng.Demo2xml"/>
  <testcase name="positivecredential2" time="0.003" classname="com.abc.testng.Demo2xml"/>
</testsuite> <!-- com.abc.testng.Demo2xml -->
