<?xml version="1.0" encoding="UTF-8"?>
<!-- Generated by org.testng.reporters.JUnitReportReporter -->
<testsuite skipped="0" hostname="LAPTOP-3PLVHCB2" name="com.abc.testng.WithPriority" tests="5" failures="0" timestamp="09 Dec 2018 06:17:02 GMT" time="0.034" errors="0">
  <testcase name="e_method" time="0.017" classname="com.abc.testng.WithPriority"/>
  <testcase name="b_method" time="0.004" classname="com.abc.testng.WithPriority"/>
  <testcase name="c_method" time="0.004" classname="com.abc.testng.WithPriority"/>
  <testcase name="d_method" time="0.004" classname="com.abc.testng.WithPriority"/>
  <testcase name="a_method" time="0.005" classname="com.abc.testng.WithPriority"/>
</testsuite> <!-- com.abc.testng.WithPriority -->
