<?xml version="1.0" encoding="UTF-8"?>
<!-- Generated by org.testng.reporters.JUnitReportReporter -->
<testsuite skipped="0" hostname="LAPTOP-3PLVHCB2" name="com.abc.testng.BeforeandAfterMethod" tests="2" failures="0" timestamp="09 Dec 2018 05:15:28 GMT" time="0.019" errors="0">
  <testcase name="positivecredential1" time="0.009" classname="com.abc.testng.BeforeandAfterMethod"/>
  <testcase name="positivecredential2" time="0.010" classname="com.abc.testng.BeforeandAfterMethod"/>
</testsuite> <!-- com.abc.testng.BeforeandAfterMethod -->
