<?xml version="1.0" encoding="UTF-8"?>
<!-- Generated by org.testng.reporters.JUnitReportReporter -->
<testsuite skipped="0" hostname="LAPTOP-3PLVHCB2" name="com.abc.testng.WithoutPriority" tests="5" failures="0" timestamp="09 Dec 2018 05:56:45 GMT" time="0.050" errors="0">
  <testcase name="e_method" time="0.015" classname="com.abc.testng.WithoutPriority"/>
  <testcase name="a_method" time="0.016" classname="com.abc.testng.WithoutPriority"/>
  <testcase name="c_method" time="0.000" classname="com.abc.testng.WithoutPriority"/>
  <testcase name="b_method" time="0.019" classname="com.abc.testng.WithoutPriority"/>
  <testcase name="d_method" time="0.000" classname="com.abc.testng.WithoutPriority"/>
</testsuite> <!-- com.abc.testng.WithoutPriority -->
