<?xml version="1.0" encoding="UTF-8"?>
<!-- Generated by org.testng.reporters.JUnitReportReporter -->
<testsuite skipped="0" hostname="LAPTOP-3PLVHCB2" name="com.abc.testng.BeforeClassAfterClass" tests="2" failures="0" timestamp="09 Dec 2018 05:39:25 GMT" time="0.030" errors="0">
  <testcase name="positivecredential1" time="0.023" classname="com.abc.testng.BeforeClassAfterClass"/>
  <testcase name="positivecredential2" time="0.007" classname="com.abc.testng.BeforeClassAfterClass"/>
</testsuite> <!-- com.abc.testng.BeforeClassAfterClass -->
