<?xml version="1.0" encoding="UTF-8"?>
<!-- Generated by org.testng.reporters.JUnitReportReporter -->
<testsuite skipped="0" hostname="LAPTOP-3PLVHCB2" name="com.abc.testng.BeforeTestAfterTest" tests="2" failures="0" timestamp="09 Dec 2018 09:51:28 GMT" time="0.012" errors="0">
  <testcase name="positivecredential2" time="0.004" classname="com.abc.testng.BeforeTestAfterTest"/>
  <testcase name="positivecredential1" time="0.008" classname="com.abc.testng.BeforeTestAfterTest"/>
</testsuite> <!-- com.abc.testng.BeforeTestAfterTest -->
