<?xml version="1.0" encoding="UTF-8"?>
<!-- Generated by org.testng.reporters.JUnitReportReporter -->
<testsuite skipped="0" hostname="LAPTOP-3PLVHCB2" name="com.abc.testng.IncludeandExclude" tests="2" failures="0" timestamp="09 Dec 2018 06:59:12 GMT" time="0.021" errors="0">
  <testcase name="testCase1" time="0.017" classname="com.abc.testng.IncludeandExclude"/>
  <testcase name="testCase4" time="0.004" classname="com.abc.testng.IncludeandExclude"/>
</testsuite> <!-- com.abc.testng.IncludeandExclude -->
