<?xml version="1.0" encoding="UTF-8"?>
<!-- Generated by org.testng.reporters.JUnitReportReporter -->
<testsuite skipped="0" hostname="LAPTOP-3PLVHCB2" name="com.abc.testng.BeforeMethod1Magento" tests="2" failures="0" timestamp="09 Dec 2018 05:48:24 GMT" time="144.333" errors="0">
  <testcase name="clickOnRegister" time="71.136" classname="com.abc.testng.BeforeMethod1Magento"/>
  <testcase name="login" time="73.197" classname="com.abc.testng.BeforeMethod1Magento"/>
</testsuite> <!-- com.abc.testng.BeforeMethod1Magento -->
