<?xml version="1.0" encoding="UTF-8"?>
<!-- Generated by org.testng.reporters.JUnitReportReporter -->
<testsuite skipped="0" hostname="LAPTOP-3PLVHCB2" name="com.abc.testng.WithandWithoutPrioroty" tests="5" failures="0" timestamp="09 Dec 2018 06:18:55 GMT" time="0.038" errors="0">
  <testcase name="a_method" time="0.022" classname="com.abc.testng.WithandWithoutPrioroty"/>
  <testcase name="d_method" time="0.004" classname="com.abc.testng.WithandWithoutPrioroty"/>
  <testcase name="e_method" time="0.005" classname="com.abc.testng.WithandWithoutPrioroty"/>
  <testcase name="b_method" time="0.003" classname="com.abc.testng.WithandWithoutPrioroty"/>
  <testcase name="c_method" time="0.004" classname="com.abc.testng.WithandWithoutPrioroty"/>
</testsuite> <!-- com.abc.testng.WithandWithoutPrioroty -->
